<?xml version="1.0" encoding="UTF-8"?>
<testsuite name="SimpleBankSystemTest" tests="1" skipped="0" failures="0" errors="0" timestamp="2021-05-12T15:11:30" hostname="EJs-MacBook-Pro" time="1.416">
  <properties/>
  <testcase name="start" classname="SimpleBankSystemTest" time="1.416"/>
  <system-out><![CDATA[?[1;31m
Start test 1?[0m
1. Create an account
2. Log into account
0. Exit
> 0

Bye!
?[1;31m
Start test 2?[0m
1. Create an account
2. Log into account
0. Exit
> 0

Bye!
?[1;31m
Start test 3?[0m
1. Create an account
2. Log into account
0. Exit
> 0

Bye!
?[1;31m
Start test 4?[0m
1. Create an account
2. Log into account
0. Exit
> 0

Bye!
?[1;31m
Start test 5?[0m
1. Create an account
2. Log into account
0. Exit
> 1

Your card has been created
Your card number:
4000001651536260
Your card PIN:
6611

1. Create an account
2. Log into account
0. Exit
> 1

Your card has been created
Your card number:
4000001335469482
Your card PIN:
9728

1. Create an account
2. Log into account
0. Exit
> 1

Your card has been created
Your card number:
4000005699901063
Your card PIN:
0048

1. Create an account
2. Log into account
0. Exit
> 1

Your card has been created
Your card number:
4000005609144358
Your card PIN:
1344

1. Create an account
2. Log into account
0. Exit
> 1

Your card has been created
Your card number:
4000000748452747
Your card PIN:
7763

1. Create an account
2. Log into account
0. Exit
> 0

Bye!
4000001651536260
4000001335469482
4000005699901063
4000005609144358
4000000748452747
?[1;31m
Start test 6?[0m
1. Create an account
2. Log into account
0. Exit
> 1

Your card has been created
Your card number:
4000000899679767
Your card PIN:
7548

1. Create an account
2. Log into account
0. Exit
> 2

Enter your card number:
> 4000000899679767
Enter your pin
> 7548

You have successfully logged in!

1. Balance
2. Add Income
3. Do transfer
4. Close account
5. Log out
0.Exit
> 0
?[1;31m
Start test 7?[0m
1. Create an account
2. Log into account
0. Exit
> 1

Your card has been created
Your card number:
4000008504408092
Your card PIN:
2323

1. Create an account
2. Log into account
0. Exit
> 2

Enter your card number:
> 4000008504408092
Enter your pin
> 3654

Wrong number or pin!

1. Create an account
2. Log into account
0. Exit
> 0

Bye!
?[1;31m
Start test 8?[0m
1. Create an account
2. Log into account
0. Exit
> 1

Your card has been created
Your card number:
4000000389288145
Your card PIN:
4413

1. Create an account
2. Log into account
0. Exit
> 2

Enter your card number:
> 400000441739499
Enter your pin
> 4413

Wrong number or pin!

1. Create an account
2. Log into account
0. Exit
> 0

Bye!
?[1;31m
Start test 9?[0m
1. Create an account
2. Log into account
0. Exit
> 1

Your card has been created
Your card number:
4000009496985949
Your card PIN:
9232

1. Create an account
2. Log into account
0. Exit
> 2

Enter your card number:
> 4000009496985949
Enter your pin
> 9232

You have successfully logged in!

1. Balance
2. Add Income
3. Do transfer
4. Close account
5. Log out
0.Exit
> 1

Balance: 0

1. Balance
2. Add Income
3. Do transfer
4. Close account
5. Log out
0.Exit
> 0
?[1;31m
Start test 10?[0m
1. Create an account
2. Log into account
0. Exit
> 1

Your card has been created
Your card number:
4000006718356909
Your card PIN:
4235

1. Create an account
2. Log into account
0. Exit
> 2

Enter your card number:
> 4000006718356909
Enter your pin
> 4235

You have successfully logged in!

1. Balance
2. Add Income
3. Do transfer
4. Close account
5. Log out
0.Exit
> 2
Enter income:
> 10000
Income was added!
1. Balance
2. Add Income
3. Do transfer
4. Close account
5. Log out
0.Exit
> 0
1. Create an account
2. Log into account
0. Exit
> 2

Enter your card number:
> 4000006718356909
Enter your pin
> 4235

You have successfully logged in!

1. Balance
2. Add Income
3. Do transfer
4. Close account
5. Log out
0.Exit
> 2
Enter income:
> 15000
Income was added!
1. Balance
2. Add Income
3. Do transfer
4. Close account
5. Log out
0.Exit
> 0
?[1;31m
Start test 11?[0m
1. Create an account
2. Log into account
0. Exit
> 1

Your card has been created
Your card number:
4000003753842026
Your card PIN:
3541

1. Create an account
2. Log into account
0. Exit
> 1

Your card has been created
Your card number:
4000008131718012
Your card PIN:
2076

1. Create an account
2. Log into account
0. Exit
> 2

Enter your card number:
> 4000008131718012
Enter your pin
> 2076

You have successfully logged in!

1. Balance
2. Add Income
3. Do transfer
4. Close account
5. Log out
0.Exit
> 3
Transfer
Enter Card Number
> 2000007269641764
Probably you made a mistake in the card number. Please try again.
1. Balance
2. Add Income
3. Do transfer
4. Close account
5. Log out
0.Exit
> 3
Transfer
Enter Card Number
> 2000007269641768
Such a card does not exist.
1. Balance
2. Add Income
3. Do transfer
4. Close account
5. Log out
0.Exit
> 3
Transfer
Enter Card Number
> 4000003753842026
Enter how much money you want to transfer: 
> 100000
Not enough money!
1. Balance
2. Add Income
3. Do transfer
4. Close account
5. Log out
0.Exit
> 2
Enter income:
> 20000
Income was added!
1. Balance
2. Add Income
3. Do transfer
4. Close account
5. Log out
0.Exit
> 3
Transfer
Enter Card Number
> 4000003753842026
Enter how much money you want to transfer: 
> 10000
1. Balance
2. Add Income
3. Do transfer
4. Close account
5. Log out
0.Exit
> 0
?[1;31m
Start test 12?[0m
1. Create an account
2. Log into account
0. Exit
> 1

Your card has been created
Your card number:
4000007894280574
Your card PIN:
9951

1. Create an account
2. Log into account
0. Exit
> 2

Enter your card number:
> 4000007894280574
Enter your pin
> 9951

You have successfully logged in!

1. Balance
2. Add Income
3. Do transfer
4. Close account
5. Log out
0.Exit
> 4
The account has been closed!
1. Create an account
2. Log into account
0. Exit
> 0

Bye!
]]></system-out>
  <system-err><![CDATA[]]></system-err>
</testsuite>
